<?xml version="1.0" encoding="UTF-8"?>
<!-- Generated by org.testng.reporters.JUnitReportReporter -->
<testsuite hostname="DESKTOP-M2MC62A" failures="0" tests="3" name="TestNG.P1" time="0.012" errors="0" timestamp="2022-09-03T23:16:55 IST" skipped="0">
  <testcase classname="TestNG.P1" name="chickoo" time="0.001"/>
  <system-out>
    <![CDATA[Sapota]]>
  </system-out>
  <testcase classname="TestNG.P1" name="banana" time="0.002"/>
  <system-out>
    <![CDATA[kela]]>
  </system-out>
  <testcase classname="TestNG.P1" name="apple" time="0.009"/>
  <system-out>
    <![CDATA[safarchand]]>
  </system-out>
</testsuite> <!-- TestNG.P1 -->
