<?xml version="1.0" encoding="UTF-8"?>
<!-- Generated by org.testng.reporters.JUnitReportReporter -->
<testsuite hostname="DESKTOP-M2MC62A" failures="0" tests="10" name="TestNG.P2" time="0.019" errors="0" timestamp="2022-09-03T23:26:13 IST" skipped="0">
  <testcase classname="TestNG.P2" name="cat" time="0.001"/>
  <system-out/>
  <testcase classname="TestNG.P2" name="cat" time="0.006"/>
  <system-out/>
  <testcase classname="TestNG.P2" name="crow" time="0.001"/>
  <system-out/>
  <testcase classname="TestNG.P2" name="crow" time="0.001"/>
  <system-out/>
  <testcase classname="TestNG.P2" name="crow" time="0.002"/>
  <system-out/>
  <testcase classname="TestNG.P2" name="dog" time="0.001"/>
  <system-out/>
  <testcase classname="TestNG.P2" name="dog" time="0.001"/>
  <system-out/>
  <testcase classname="TestNG.P2" name="dog" time="0.001"/>
  <system-out/>
  <testcase classname="TestNG.P2" name="dog" time="0.003"/>
  <system-out/>
  <testcase classname="TestNG.P2" name="dog" time="0.002"/>
  <system-out/>
</testsuite> <!-- TestNG.P2 -->
