<?xml version="1.0" encoding="UTF-8"?>
<!-- Generated by org.testng.reporters.JUnitReportReporter -->
<testsuite hostname="DESKTOP-M2MC62A" failures="0" tests="1" name="TestNG_Framework.P7" time="16.952" errors="0" timestamp="2022-09-30T23:19:32 IST" skipped="0">
  <testcase classname="TestNG_Framework.P7" name="test_fail_actiTime" time="16.952"/>
  <system-out/>
</testsuite> <!-- TestNG_Framework.P7 -->
