<?xml version="1.0" encoding="UTF-8"?>
<!-- Generated by org.testng.reporters.JUnitReportReporter -->
<testsuite hostname="DESKTOP-M2MC62A" failures="0" tests="2" name="TestNG_Framework.P3" time="0.013" errors="0" timestamp="2022-09-06T00:22:27 IST" skipped="0">
  <testcase classname="TestNG_Framework.P3" name="test2" time="0.003"/>
  <system-out/>
  <testcase classname="TestNG_Framework.P3" name="test1" time="0.010"/>
  <system-out/>
</testsuite> <!-- TestNG_Framework.P3 -->
