<?xml version="1.0" encoding="UTF-8"?>
<!-- Generated by org.testng.reporters.JUnitReportReporter -->
<testsuite hostname="DESKTOP-M2MC62A" failures="0" tests="3" name="TestNG_Framework.MouseHoverAction" time="19.547" errors="0" timestamp="2022-09-04T23:54:18 IST" skipped="0">
  <testcase classname="TestNG_Framework.MouseHoverAction" name="openApp" time="1.895"/>
  <system-out/>
  <testcase classname="TestNG_Framework.MouseHoverAction" name="testApp" time="15.225"/>
  <system-out>
    <![CDATA[+91 9243602352]]>
  </system-out>
  <testcase classname="TestNG_Framework.MouseHoverAction" name="closeApp" time="2.427"/>
  <system-out/>
</testsuite> <!-- TestNG_Framework.MouseHoverAction -->
