<?xml version="1.0" encoding="UTF-8"?>
<!-- Generated by org.testng.reporters.JUnitReportReporter -->
<testsuite hostname="DESKTOP-M2MC62A" failures="0" tests="3" name="TestNG_Framework.MouseHoverAction" time="32.978" errors="0" timestamp="2022-09-06T00:01:55 IST" skipped="0">
  <testcase classname="TestNG_Framework.MouseHoverAction" name="openApp" time="2.034"/>
  <system-out/>
  <testcase classname="TestNG_Framework.MouseHoverAction" name="testApp" time="30.790"/>
  <system-out/>
  <testcase classname="TestNG_Framework.MouseHoverAction" name="closeApp" time="0.154"/>
  <system-out/>
</testsuite> <!-- TestNG_Framework.MouseHoverAction -->
