<?xml version="1.0" encoding="UTF-8"?>
<!-- Generated by org.testng.reporters.JUnitReportReporter -->
<testsuite hostname="DESKTOP-M2MC62A" failures="0" tests="10" name="TestNG_Framework.P2" time="0.023" errors="0" timestamp="2022-09-04T23:07:21 IST" skipped="0">
  <testcase classname="TestNG_Framework.P2" name="cat" time="0.001"/>
  <system-out/>
  <testcase classname="TestNG_Framework.P2" name="cat" time="0.009"/>
  <system-out/>
  <testcase classname="TestNG_Framework.P2" name="crow" time="0.001"/>
  <system-out/>
  <testcase classname="TestNG_Framework.P2" name="crow" time="0.002"/>
  <system-out/>
  <testcase classname="TestNG_Framework.P2" name="crow" time="0.001"/>
  <system-out/>
  <testcase classname="TestNG_Framework.P2" name="dog" time="0.002"/>
  <system-out/>
  <testcase classname="TestNG_Framework.P2" name="dog" time="0.002"/>
  <system-out/>
  <testcase classname="TestNG_Framework.P2" name="dog" time="0.002"/>
  <system-out/>
  <testcase classname="TestNG_Framework.P2" name="dog" time="0.001"/>
  <system-out/>
  <testcase classname="TestNG_Framework.P2" name="dog" time="0.002"/>
  <system-out/>
</testsuite> <!-- TestNG_Framework.P2 -->
